<?xml version="1.0" encoding="UTF-8"?>
<!-- Generated by org.testng.reporters.JUnitReportReporter -->
<testsuite hostname="DESKTOP-434RM2K" failures="0" tests="1" name="driverFactory1.AppTest" time="24.695" errors="0" timestamp="2024-05-27T16:47:09 IST" skipped="0">
  <testcase classname="driverFactory1.AppTest" name="kickStart" time="24.695"/>
  <system-out/>
</testsuite> <!-- driverFactory1.AppTest -->
